<?xml version="1.0" encoding="UTF-8"?>
<testsuite xmlns:xsi="http://www.w3.org/2001/XMLSchema-instance" xsi:noNamespaceSchemaLocation="https://maven.apache.org/surefire/maven-surefire-plugin/xsd/surefire-test-report-3.0.xsd" version="3.0" name="login" time="26.043" tests="2" errors="1" skipped="0" failures="0">
  <properties>
[...]
</properties>
  <testcase name="User logs in with valid username and valid password #1" classname="login" time="17.069">
    <system-out><![CDATA[Jul 12, 2022 12:34:23 PM net.masterthought.cucumber.ReportParser parseJsonFiles
INFO: File 'C:\Users\majid\AppData\Local\Temp\cucumber4577555397506076176.json' contains 1 features

&amp#27;[32m&amp#27;[1m┌──────────────────────────────────────────────────────────────────────────┐&amp#27;[0m
&amp#27;[32m&amp#27;[1m│&amp#27;[0m View your Cucumber Report at:                                            &amp#27;[32m&amp#27;[1m│&amp#27;[0m
&amp#27;[32m&amp#27;[1m│&amp#27;[0m &amp#27;[1m&amp#27;[36m&amp#27;[4mhttps://reports.cucumber.io/reports/d7e8bd90-cb76-413b-a2ba-7d850377d962&amp#27;[0m &amp#27;[32m&amp#27;[1m│&amp#27;[0m
&amp#27;[32m&amp#27;[1m│&amp#27;[0m                                                                          &amp#27;[32m&amp#27;[1m│&amp#27;[0m
&amp#27;[32m&amp#27;[1m│&amp#27;[0m &amp#27;[1mThis report will self-destruct in 24h.&amp#27;[0m                                   &amp#27;[32m&amp#27;[1m│&amp#27;[0m
&amp#27;[32m&amp#27;[1m│&amp#27;[0m Keep reports forever: &amp#27;[4m&amp#27;[1m&amp#27;[36mhttps://reports.cucumber.io/profile&amp#27;[0m                &amp#27;[32m&amp#27;[1m│&amp#27;[0m
&amp#27;[32m&amp#27;[1m└──────────────────────────────────────────────────────────────────────────┘&amp#27;[0m

@login @smoke
Scenario Outline: User logs in with valid username and valid password                          &amp#27;[90m# src/test/resources/features/login.feature:14&amp#27;[0m
  &amp#27;[32mGiven &amp#27;[0m&amp#27;[32mUser is on login page&amp#27;[0m                                                                  &amp#27;[90m# com.cydeo.library.step_definitions.LoginStepDefs.is_on_login_page()&amp#27;[0m
  &amp#27;[32mWhen &amp#27;[0m&amp#27;[32mUser enters valid username &amp#27;[0m&amp#27;[32m&amp#27;[1m"student1@library"&amp#27;[0m&amp#27;[32m and User enters valid password &amp#27;[0m&amp#27;[32m&amp#27;[1m"i2A9TgXa"&amp#27;[0m &amp#27;[90m# com.cydeo.library.step_definitions.LoginStepDefs.user_enters_valid_username_user_enters_valid_password(java.lang.String,java.lang.String)&amp#27;[0m
  &amp#27;[32mThen &amp#27;[0m&amp#27;[32mUser should see &amp#27;[0m&amp#27;[32m&amp#27;[1m"Library"&amp#27;[0m&amp#27;[32m page title and URL should contain &amp#27;[0m&amp#27;[32m&amp#27;[1m"books"&amp#27;[0m                     &amp#27;[90m# com.cydeo.library.step_definitions.LoginStepDefs.userShouldSeePageTitleAndURLShouldContain(java.lang.String,java.lang.String)&amp#27;[0m
]]></system-out>
    <system-err><![CDATA[SLF4J: Failed to load class "org.slf4j.impl.StaticLoggerBinder".
SLF4J: Defaulting to no-operation (NOP) logger implementation
SLF4J: See http://www.slf4j.org/codes.html#StaticLoggerBinder for further details.
Starting ChromeDriver 103.0.5060.53 (a1711811edd74ff1cf2150f36ffa3b0dae40b17f-refs/branch-heads/5060@{#853}) on port 2784
Only local connections are allowed.
Please see https://chromedriver.chromium.org/security-considerations for suggestions on keeping ChromeDriver safe.
ChromeDriver was started successfully.
Jul 12, 2022 12:34:02 PM org.openqa.selenium.remote.ProtocolHandshake createSession
INFO: Detected dialect: W3C
]]></system-err>
  </testcase>
  <testcase name="User logs in with valid username and valid password #2" classname="login" time="8.974">
    <error message="Session ID is null. Using WebDriver after calling quit()?&#10;Build info: version: &apos;3.141.59&apos;, revision: &apos;e82be7d358&apos;, time: &apos;2018-11-14T08:17:03&apos;&#10;System info: host: &apos;DESKTOP-BS8HMOL&apos;, ip: &apos;192.168.1.240&apos;, os.name: &apos;Windows 10&apos;, os.arch: &apos;amd64&apos;, os.version: &apos;10.0&apos;, java.version: &apos;11.0.12&apos;&#10;Driver info: driver.version: RemoteWebDriver" type="org.openqa.selenium.NoSuchSessionException"><![CDATA[org.openqa.selenium.NoSuchSessionException: 
Session ID is null. Using WebDriver after calling quit()?
Build info: version: '3.141.59', revision: 'e82be7d358', time: '2018-11-14T08:17:03'
System info: host: 'DESKTOP-BS8HMOL', ip: '192.168.1.240', os.name: 'Windows 10', os.arch: 'amd64', os.version: '10.0', java.version: '11.0.12'
Driver info: driver.version: RemoteWebDriver
]]></error>
    <system-out><![CDATA[
@login @smoke
Scenario Outline: User logs in with valid username and valid password                            &amp#27;[90m# src/test/resources/features/login.feature:15&amp#27;[0m
  &amp#27;[32mGiven &amp#27;[0m&amp#27;[32mUser is on login page&amp#27;[0m                                                                    &amp#27;[90m# com.cydeo.library.step_definitions.LoginStepDefs.is_on_login_page()&amp#27;[0m
  &amp#27;[32mWhen &amp#27;[0m&amp#27;[32mUser enters valid username &amp#27;[0m&amp#27;[32m&amp#27;[1m"librarian1@library"&amp#27;[0m&amp#27;[32m and User enters valid password &amp#27;[0m&amp#27;[32m&amp#27;[1m"rs4BNN9G"&amp#27;[0m &amp#27;[90m# com.cydeo.library.step_definitions.LoginStepDefs.user_enters_valid_username_user_enters_valid_password(java.lang.String,java.lang.String)&amp#27;[0m
  &amp#27;[31mThen &amp#27;[0m&amp#27;[31mUser should see &amp#27;[0m&amp#27;[31m&amp#27;[1m"Library"&amp#27;[0m&amp#27;[31m page title and URL should contain &amp#27;[0m&amp#27;[31m&amp#27;[1m"dashboard"&amp#27;[0m                   &amp#27;[90m# com.cydeo.library.step_definitions.LoginStepDefs.userShouldSeePageTitleAndURLShouldContain(java.lang.String,java.lang.String)&amp#27;[0m
      &amp#27;[31morg.openqa.selenium.NoSuchSessionException: Session ID is null. Using WebDriver after calling quit()?
Build info: version: '3.141.59', revision: 'e82be7d358', time: '2018-11-14T08:17:03'
System info: host: 'DESKTOP-BS8HMOL', ip: '192.168.1.240', os.name: 'Windows 10', os.arch: 'amd64', os.version: '10.0', java.version: '11.0.12'
Driver info: driver.version: RemoteWebDriver
	at org.openqa.selenium.remote.HttpCommandExecutor.execute(HttpCommandExecutor.java:125)
	at org.openqa.selenium.remote.service.DriverCommandExecutor.execute(DriverCommandExecutor.java:83)
	at org.openqa.selenium.remote.RemoteWebDriver.execute(RemoteWebDriver.java:552)
	at org.openqa.selenium.remote.RemoteWebDriver.execute(RemoteWebDriver.java:609)
	at org.openqa.selenium.remote.RemoteWebDriver.getTitle(RemoteWebDriver.java:281)
	at org.openqa.selenium.support.ui.ExpectedConditions$2.apply(ExpectedConditions.java:86)
	at org.openqa.selenium.support.ui.ExpectedConditions$2.apply(ExpectedConditions.java:81)
	at org.openqa.selenium.support.ui.FluentWait.until(FluentWait.java:249)
	at com.cydeo.library.utilities.WaitUtils.waitTitleContains(WaitUtils.java:10)
	at com.cydeo.library.utilities.BrowserUtils.verifyTitle(BrowserUtils.java:18)
	at com.cydeo.library.step_definitions.LoginStepDefs.userShouldSeePageTitleAndURLShouldContain(LoginStepDefs.java:27)
	at âœ½.User should see "Library" page title and URL should contain "dashboard"(file:///C:/Users/majid/IdeaProjects/Selenium_ExtraSessions/cydeo-library-app/src/test/resources/features/login.feature:9)
&amp#27;[0m

    Embedding User logs in with valid username and valid password [image/png 15894 bytes]

]]></system-out>
    <system-err><![CDATA[Starting ChromeDriver 103.0.5060.53 (a1711811edd74ff1cf2150f36ffa3b0dae40b17f-refs/branch-heads/5060@{#853}) on port 36037
Only local connections are allowed.
Please see https://chromedriver.chromium.org/security-considerations for suggestions on keeping ChromeDriver safe.
ChromeDriver was started successfully.
Jul 12, 2022 12:34:15 PM org.openqa.selenium.remote.ProtocolHandshake createSession
INFO: Detected dialect: W3C
]]></system-err>
  </testcase>
</testsuite>